Performing C SOURCE FILE Test CMAKE_HAVE_LIBC_PTHREAD failed with the following output:
Change Dir: /home/dheeru/CG/Assignment1/cmake-build-debug/CMakeFiles/CMakeTmp

Run Build Command(s):/opt/clion/bin/ninja/linux/ninja cmTC_79166 && [1/2] Building C object CMakeFiles/cmTC_79166.dir/src.c.o
[2/2] Linking C executable cmTC_79166
FAILED: cmTC_79166 
: && /usr/bin/cc   CMakeFiles/cmTC_79166.dir/src.c.o -o cmTC_79166   && :
/usr/bin/ld: CMakeFiles/cmTC_79166.dir/src.c.o: in function `main':
src.c:(.text+0x3e): undefined reference to `pthread_create'
/usr/bin/ld: src.c:(.text+0x4a): undefined reference to `pthread_detach'
/usr/bin/ld: src.c:(.text+0x56): undefined reference to `pthread_cancel'
/usr/bin/ld: src.c:(.text+0x67): undefined reference to `pthread_join'
collect2: error: ld returned 1 exit status
ninja: build stopped: subcommand failed.


Source file was:
#include <pthread.h>

static void* test_func(void* data)
{
  return data;
}

int main(void)
{
  pthread_t thread;
  pthread_create(&thread, NULL, test_func, NULL);
  pthread_detach(thread);
  pthread_cancel(thread);
  pthread_join(thread, NULL);
  pthread_atfork(NULL, NULL, NULL);
  pthread_exit(NULL);

  return 0;
}

Determining if the function pthread_create exists in the pthreads failed with the following output:
Change Dir: /home/dheeru/CG/Assignment1/cmake-build-debug/CMakeFiles/CMakeTmp

Run Build Command(s):/opt/clion/bin/ninja/linux/ninja cmTC_d877d && [1/2] Building C object CMakeFiles/cmTC_d877d.dir/CheckFunctionExists.c.o
[2/2] Linking C executable cmTC_d877d
FAILED: cmTC_d877d 
: && /usr/bin/cc -DCHECK_FUNCTION_EXISTS=pthread_create  CMakeFiles/cmTC_d877d.dir/CheckFunctionExists.c.o -o cmTC_d877d  -lpthreads && :
/usr/bin/ld: cannot find -lpthreads
collect2: error: ld returned 1 exit status
ninja: build stopped: subcommand failed.



